APP/ucms/build/app/intermediates/manifest_merge_blame_file/release/manifest-merger-blame-release-report.txt
1<?xml version="1.0" encoding="utf-8"?>
2<manifest xmlns:android="http://schemas.android.com/apk/res/android"
3    package="com.example.ucms"
4    android:versionCode="1"
5    android:versionName="1.0.0" >
6
7    <uses-sdk
8        android:minSdkVersion="18"
8-->src/main/AndroidManifest.xml
9        android:targetSdkVersion="30" />
9-->src/main/AndroidManifest.xml
10
11    <uses-permission android:name="android.permission.ACCESS_FINE_LOCATION" />
11-->src/main/AndroidManifest.xml:3:4-77
11-->src/main/AndroidManifest.xml:3:21-75
12    <uses-permission android:name="android.permission.ACCESS_BACKGROUND_LOCATION" />
12-->src/main/AndroidManifest.xml:4:4-84
12-->src/main/AndroidManifest.xml:4:21-81
13    <uses-permission
13-->[:beacons_plugin] AndroidManifest.xml:7:5-68
14        android:name="android.permission.BLUETOOTH"
14-->[:beacons_plugin] AndroidManifest.xml:7:22-65
15        android:required="false" />
15-->[org.altbeacon:android-beacon-library:2.16.4] AndroidManifest.xml:13:9-33
16    <uses-permission
16-->[:beacons_plugin] AndroidManifest.xml:8:5-74
17        android:name="android.permission.BLUETOOTH_ADMIN"
17-->[:beacons_plugin] AndroidManifest.xml:8:22-71
18        android:required="false" />
18-->[org.altbeacon:android-beacon-library:2.16.4] AndroidManifest.xml:16:9-33
19    <uses-permission android:name="android.permission.ACCESS_COARSE_LOCATION" />
19-->[:beacons_plugin] AndroidManifest.xml:10:5-81
19-->[:beacons_plugin] AndroidManifest.xml:10:22-78
20    <uses-permission android:name="android.permission.FOREGROUND_SERVICE" />
20-->[:beacons_plugin] AndroidManifest.xml:11:5-77
20-->[:beacons_plugin] AndroidManifest.xml:11:22-74
21    <uses-permission android:name="android.permission.RECEIVE_BOOT_COMPLETED" />
21-->[:beacons_plugin] AndroidManifest.xml:12:5-81
21-->[:beacons_plugin] AndroidManifest.xml:12:22-78
22    <uses-permission android:name="android.permission.WAKE_LOCK" />
22-->[:beacons_plugin] AndroidManifest.xml:13:5-68
22-->[:beacons_plugin] AndroidManifest.xml:13:22-65
23
24    <uses-feature
24-->[:beacons_plugin] AndroidManifest.xml:15:5-17:35
25        android:name="android.hardware.bluetooth_le"
25-->[:beacons_plugin] AndroidManifest.xml:16:9-53
26        android:required="true" />
26-->[:beacons_plugin] AndroidManifest.xml:17:9-32
27
28    <application
28-->src/main/AndroidManifest.xml:5:4-42:19
29        android:appComponentFactory="androidx.core.app.CoreComponentFactory"
29-->[androidx.core:core:1.1.0] AndroidManifest.xml:24:18-86
30        android:icon="@mipmap/ic_launcher"
30-->src/main/AndroidManifest.xml:7:9-43
31        android:label="ucms" >
31-->src/main/AndroidManifest.xml:6:9-29
32        <activity
32-->src/main/AndroidManifest.xml:8:9-36:20
33            android:name="com.example.ucms.MainActivity"
33-->src/main/AndroidManifest.xml:9:13-41
34            android:configChanges="orientation|keyboardHidden|keyboard|screenSize|smallestScreenSize|locale|layoutDirection|fontScale|screenLayout|density|uiMode"
34-->src/main/AndroidManifest.xml:12:13-163
35            android:hardwareAccelerated="true"
35-->src/main/AndroidManifest.xml:13:13-47
36            android:launchMode="singleTop"
36-->src/main/AndroidManifest.xml:10:13-43
37            android:theme="@style/LaunchTheme"
37-->src/main/AndroidManifest.xml:11:13-47
38            android:windowSoftInputMode="adjustResize" >
38-->src/main/AndroidManifest.xml:14:13-55
39
40            <!--
41                 Specifies an Android theme to apply to this Activity as soon as
42                 the Android process has started. This theme is visible to the user
43                 while the Flutter UI initializes. After that, this theme continues
44                 to determine the Window background behind the Flutter UI.
45            -->
46            <meta-data
46-->src/main/AndroidManifest.xml:19:13-22:17
47                android:name="io.flutter.embedding.android.NormalTheme"
47-->src/main/AndroidManifest.xml:20:15-70
48                android:resource="@style/NormalTheme" />
48-->src/main/AndroidManifest.xml:21:15-52
49            <!--
50                 Displays an Android View that continues showing the launch screen
51                 Drawable until Flutter paints its first frame, then this splash
52                 screen fades out. A splash screen is useful to avoid any visual
53                 gap between the end of Android's launch screen and the painting of
54                 Flutter's first frame.
55            -->
56            <meta-data
56-->src/main/AndroidManifest.xml:28:13-31:17
57                android:name="io.flutter.embedding.android.SplashScreenDrawable"
57-->src/main/AndroidManifest.xml:29:15-79
58                android:resource="@drawable/launch_background" />
58-->src/main/AndroidManifest.xml:30:15-61
59
60            <intent-filter>
60-->src/main/AndroidManifest.xml:32:13-35:29
61                <action android:name="android.intent.action.MAIN" />
61-->src/main/AndroidManifest.xml:33:17-68
61-->src/main/AndroidManifest.xml:33:25-66
62
63                <category android:name="android.intent.category.LAUNCHER" />
63-->src/main/AndroidManifest.xml:34:17-76
63-->src/main/AndroidManifest.xml:34:27-74
64            </intent-filter>
65        </activity>
66        <!--
67             Don't delete the meta-data below.
68             This is used by the Flutter tool to generate GeneratedPluginRegistrant.java
69        -->
70        <meta-data
70-->src/main/AndroidManifest.xml:39:9-41:33
71            android:name="flutterEmbedding"
71-->src/main/AndroidManifest.xml:40:13-44
72            android:value="2" />
72-->src/main/AndroidManifest.xml:41:13-30
73
74        <receiver
74-->[:beacons_plugin] AndroidManifest.xml:20:9-23:39
75            android:name="com.umair.beacons_plugin.BeaconsBroadcastReceiver"
75-->[:beacons_plugin] AndroidManifest.xml:21:13-77
76            android:enabled="true"
76-->[:beacons_plugin] AndroidManifest.xml:22:13-35
77            android:exported="true" />
77-->[:beacons_plugin] AndroidManifest.xml:23:13-36
78        <receiver
78-->[:beacons_plugin] AndroidManifest.xml:24:9-30:20
79            android:name="com.umair.beacons_plugin.RebootBroadcastReceiver"
79-->[:beacons_plugin] AndroidManifest.xml:25:13-76
80            android:enabled="true" >
80-->[:beacons_plugin] AndroidManifest.xml:26:13-35
81            <intent-filter>
81-->[:beacons_plugin] AndroidManifest.xml:27:13-29:29
82                <action android:name="android.intent.action.BOOT_COMPLETED" />
82-->[:beacons_plugin] AndroidManifest.xml:28:17-79
82-->[:beacons_plugin] AndroidManifest.xml:28:25-76
83            </intent-filter>
84        </receiver>
85
86        <service
86-->[:beacons_plugin] AndroidManifest.xml:32:9-34:39
87            android:name="com.umair.beacons_plugin.BeaconsDiscoveryService"
87-->[:beacons_plugin] AndroidManifest.xml:33:13-76
88            android:exported="true" />
88-->[:beacons_plugin] AndroidManifest.xml:34:13-36
89        <service
89-->[:beacons_plugin] AndroidManifest.xml:35:9-39:38
90            android:name="org.altbeacon.beacon.service.BeaconService"
90-->[:beacons_plugin] AndroidManifest.xml:36:13-70
91            android:enabled="true"
91-->[:beacons_plugin] AndroidManifest.xml:37:13-35
92            android:exported="false"
92-->[org.altbeacon:android-beacon-library:2.16.4] AndroidManifest.xml:32:13-37
93            android:isolatedProcess="false"
93-->[:beacons_plugin] AndroidManifest.xml:38:13-44
94            android:label="beacon" />
94-->[:beacons_plugin] AndroidManifest.xml:39:13-35
95        <service
95-->[:beacons_plugin] AndroidManifest.xml:40:9-42:38
96            android:name="org.altbeacon.beacon.BeaconIntentProcessor"
96-->[:beacons_plugin] AndroidManifest.xml:41:13-70
97            android:enabled="true"
97-->[:beacons_plugin] AndroidManifest.xml:42:13-35
98            android:exported="false" />
98-->[org.altbeacon:android-beacon-library:2.16.4] AndroidManifest.xml:38:13-37
99
100        <receiver android:name="org.altbeacon.beacon.startup.StartupBroadcastReceiver" >
100-->[org.altbeacon:android-beacon-library:2.16.4] AndroidManifest.xml:21:9-27:20
100-->[org.altbeacon:android-beacon-library:2.16.4] AndroidManifest.xml:21:19-87
101            <intent-filter>
101-->[org.altbeacon:android-beacon-library:2.16.4] AndroidManifest.xml:22:13-26:29
102                <action android:name="android.intent.action.BOOT_COMPLETED" />
102-->[:beacons_plugin] AndroidManifest.xml:28:17-79
102-->[:beacons_plugin] AndroidManifest.xml:28:25-76
103                <action android:name="android.intent.action.ACTION_POWER_CONNECTED" />
103-->[org.altbeacon:android-beacon-library:2.16.4] AndroidManifest.xml:24:17-87
103-->[org.altbeacon:android-beacon-library:2.16.4] AndroidManifest.xml:24:25-84
104                <action android:name="android.intent.action.ACTION_POWER_DISCONNECTED" />
104-->[org.altbeacon:android-beacon-library:2.16.4] AndroidManifest.xml:25:17-90
104-->[org.altbeacon:android-beacon-library:2.16.4] AndroidManifest.xml:25:25-87
105            </intent-filter>
106        </receiver>
107
108        <service
108-->[org.altbeacon:android-beacon-library:2.16.4] AndroidManifest.xml:39:9-48:19
109            android:name="org.altbeacon.beacon.service.ScanJob"
109-->[org.altbeacon:android-beacon-library:2.16.4] AndroidManifest.xml:40:13-64
110            android:permission="android.permission.BIND_JOB_SERVICE" >
110-->[org.altbeacon:android-beacon-library:2.16.4] AndroidManifest.xml:41:13-69
111            <meta-data
111-->[org.altbeacon:android-beacon-library:2.16.4] AndroidManifest.xml:42:13-44:45
112                android:name="immediateScanJobId"
112-->[org.altbeacon:android-beacon-library:2.16.4] AndroidManifest.xml:43:17-50
113                android:value="208352939" />
113-->[org.altbeacon:android-beacon-library:2.16.4] AndroidManifest.xml:44:17-42
114            <meta-data
114-->[org.altbeacon:android-beacon-library:2.16.4] AndroidManifest.xml:45:13-47:45
115                android:name="periodicScanJobId"
115-->[org.altbeacon:android-beacon-library:2.16.4] AndroidManifest.xml:46:17-49
116                android:value="208352940" />
116-->[org.altbeacon:android-beacon-library:2.16.4] AndroidManifest.xml:47:17-42
117        </service>
118        <service
118-->[org.altbeacon:android-beacon-library:2.16.4] AndroidManifest.xml:49:9-55:19
119            android:name="org.altbeacon.bluetooth.BluetoothTestJob"
119-->[org.altbeacon:android-beacon-library:2.16.4] AndroidManifest.xml:50:13-68
120            android:permission="android.permission.BIND_JOB_SERVICE" >
120-->[org.altbeacon:android-beacon-library:2.16.4] AndroidManifest.xml:51:13-69
121            <meta-data
121-->[org.altbeacon:android-beacon-library:2.16.4] AndroidManifest.xml:52:13-54:46
122                android:name="jobId"
122-->[org.altbeacon:android-beacon-library:2.16.4] AndroidManifest.xml:53:17-37
123                android:value="1799803768" />
123-->[org.altbeacon:android-beacon-library:2.16.4] AndroidManifest.xml:54:17-43
124        </service>
125    </application>
126
127</manifest>